{"/media/suchan/New Volume/Personal/psr_generator_api/psr_creator_api/dist/report/report.service.js":{"path":"/media/suchan/New Volume/Personal/psr_generator_api/psr_creator_api/dist/report/report.service.js","s":{"1":1,"2":1,"3":3,"4":3,"5":3,"6":6,"7":3,"8":3,"9":3,"10":1,"11":0,"12":0,"13":0,"14":0,"15":0,"16":0,"17":0,"18":1},"b":{"1":[3,3],"2":[0,0],"3":[0,0],"4":[0,0]},"f":{"1":3,"2":6,"3":0},"fnMap":{"1":{"name":"getAssigneeString","line":6,"loc":{"start":{"line":6,"column":52},"end":{"line":6,"column":89}}},"2":{"name":"(anonymous_2)","line":10,"loc":{"start":{"line":10,"column":23},"end":{"line":10,"column":46}}},"3":{"name":"getStatus","line":20,"loc":{"start":{"line":20,"column":36},"end":{"line":20,"column":74}}}},"statementMap":{"1":{"start":{"line":3,"column":0},"end":{"line":5,"column":3}},"2":{"start":{"line":6,"column":0},"end":{"line":18,"column":2}},"3":{"start":{"line":8,"column":1},"end":{"line":8,"column":25}},"4":{"start":{"line":9,"column":1},"end":{"line":9,"column":41}},"5":{"start":{"line":10,"column":1},"end":{"line":16,"column":20}},"6":{"start":{"line":11,"column":2},"end":{"line":15,"column":3}},"7":{"start":{"line":12,"column":3},"end":{"line":12,"column":37}},"8":{"start":{"line":14,"column":3},"end":{"line":14,"column":44}},"9":{"start":{"line":17,"column":1},"end":{"line":17,"column":23}},"10":{"start":{"line":20,"column":0},"end":{"line":29,"column":2}},"11":{"start":{"line":21,"column":1},"end":{"line":27,"column":2}},"12":{"start":{"line":22,"column":2},"end":{"line":22,"column":23}},"13":{"start":{"line":23,"column":8},"end":{"line":27,"column":2}},"14":{"start":{"line":24,"column":2},"end":{"line":24,"column":21}},"15":{"start":{"line":25,"column":8},"end":{"line":27,"column":2}},"16":{"start":{"line":26,"column":2},"end":{"line":26,"column":17}},"17":{"start":{"line":28,"column":1},"end":{"line":28,"column":19}},"18":{"start":{"line":31,"column":0},"end":{"line":34,"column":2}}},"branchMap":{"1":{"line":11,"type":"if","locations":[{"start":{"line":11,"column":2},"end":{"line":11,"column":2}},{"start":{"line":11,"column":2},"end":{"line":11,"column":2}}]},"2":{"line":21,"type":"if","locations":[{"start":{"line":21,"column":1},"end":{"line":21,"column":1}},{"start":{"line":21,"column":1},"end":{"line":21,"column":1}}]},"3":{"line":23,"type":"if","locations":[{"start":{"line":23,"column":8},"end":{"line":23,"column":8}},{"start":{"line":23,"column":8},"end":{"line":23,"column":8}}]},"4":{"line":25,"type":"if","locations":[{"start":{"line":25,"column":8},"end":{"line":25,"column":8}},{"start":{"line":25,"column":8},"end":{"line":25,"column":8}}]}}},"/media/suchan/New Volume/Personal/psr_generator_api/psr_creator_api/dist/status/dailyReport.service.js":{"path":"/media/suchan/New Volume/Personal/psr_generator_api/psr_creator_api/dist/status/dailyReport.service.js","s":{"1":1,"2":1,"3":1,"4":1,"5":1,"6":1,"7":1,"8":2,"9":1,"10":11,"11":11,"12":0,"13":11,"14":3,"15":3,"16":3,"17":8,"18":4,"19":4,"20":4,"21":0,"22":0,"23":0,"24":11,"25":1,"26":6,"27":1,"28":1,"29":1,"30":2,"31":2,"32":2,"33":2,"34":0,"35":1,"36":6,"37":6,"38":3,"39":3,"40":2,"41":1,"42":1,"43":0,"44":0,"45":0,"46":0,"47":1},"b":{"1":[0,2],"2":[2,2],"3":[0,11],"4":[3,8],"5":[11,7],"6":[4,4],"7":[4,0],"8":[0,0],"9":[1,1,2,2,0],"10":[0,1],"11":[1,1],"12":[1,1],"13":[3,3],"14":[6,5,5,4],"15":[2,1],"16":[3,2]},"f":{"1":2,"2":11,"3":6,"4":6,"5":0,"6":0,"7":0},"fnMap":{"1":{"name":"_interopRequireDefault","line":16,"loc":{"start":{"line":16,"column":0},"end":{"line":16,"column":37}}},"2":{"name":"getTimeInMins","line":18,"loc":{"start":{"line":18,"column":44},"end":{"line":18,"column":78}}},"3":{"name":"getCleanSplittedData","line":40,"loc":{"start":{"line":40,"column":58},"end":{"line":40,"column":103}}},"4":{"name":"getProjectStatus","line":69,"loc":{"start":{"line":69,"column":50},"end":{"line":69,"column":84}}},"5":{"name":"getGitRepos","line":80,"loc":{"start":{"line":80,"column":40},"end":{"line":80,"column":107}}},"6":{"name":"(anonymous_6)","line":85,"loc":{"start":{"line":85,"column":9},"end":{"line":85,"column":25}}},"7":{"name":"(anonymous_7)","line":87,"loc":{"start":{"line":87,"column":10},"end":{"line":87,"column":26}}}},"statementMap":{"1":{"start":{"line":3,"column":0},"end":{"line":5,"column":3}},"2":{"start":{"line":6,"column":0},"end":{"line":6,"column":114}},"3":{"start":{"line":8,"column":0},"end":{"line":8,"column":32}},"4":{"start":{"line":10,"column":0},"end":{"line":10,"column":47}},"5":{"start":{"line":12,"column":0},"end":{"line":12,"column":30}},"6":{"start":{"line":14,"column":0},"end":{"line":14,"column":45}},"7":{"start":{"line":16,"column":0},"end":{"line":16,"column":95}},"8":{"start":{"line":16,"column":39},"end":{"line":16,"column":93}},"9":{"start":{"line":18,"column":0},"end":{"line":38,"column":2}},"10":{"start":{"line":19,"column":1},"end":{"line":19,"column":20}},"11":{"start":{"line":20,"column":1},"end":{"line":22,"column":2}},"12":{"start":{"line":21,"column":2},"end":{"line":21,"column":23}},"13":{"start":{"line":23,"column":1},"end":{"line":35,"column":2}},"14":{"start":{"line":24,"column":2},"end":{"line":24,"column":63}},"15":{"start":{"line":25,"column":2},"end":{"line":25,"column":73}},"16":{"start":{"line":26,"column":2},"end":{"line":26,"column":85}},"17":{"start":{"line":27,"column":8},"end":{"line":35,"column":2}},"18":{"start":{"line":28,"column":2},"end":{"line":28,"column":41}},"19":{"start":{"line":29,"column":8},"end":{"line":35,"column":2}},"20":{"start":{"line":30,"column":2},"end":{"line":30,"column":36}},"21":{"start":{"line":31,"column":8},"end":{"line":35,"column":2}},"22":{"start":{"line":32,"column":2},"end":{"line":32,"column":41}},"23":{"start":{"line":34,"column":2},"end":{"line":34,"column":36}},"24":{"start":{"line":37,"column":1},"end":{"line":37,"column":18}},"25":{"start":{"line":40,"column":0},"end":{"line":67,"column":2}},"26":{"start":{"line":41,"column":1},"end":{"line":66,"column":2}},"27":{"start":{"line":44,"column":4},"end":{"line":44,"column":44}},"28":{"start":{"line":48,"column":4},"end":{"line":48,"column":51}},"29":{"start":{"line":50,"column":4},"end":{"line":50,"column":90}},"30":{"start":{"line":54,"column":4},"end":{"line":54,"column":48}},"31":{"start":{"line":56,"column":4},"end":{"line":56,"column":81}},"32":{"start":{"line":60,"column":4},"end":{"line":60,"column":50}},"33":{"start":{"line":62,"column":4},"end":{"line":62,"column":90}},"34":{"start":{"line":65,"column":3},"end":{"line":65,"column":15}},"35":{"start":{"line":69,"column":0},"end":{"line":78,"column":2}},"36":{"start":{"line":70,"column":1},"end":{"line":70,"column":31}},"37":{"start":{"line":71,"column":1},"end":{"line":77,"column":2}},"38":{"start":{"line":72,"column":2},"end":{"line":72,"column":23}},"39":{"start":{"line":73,"column":8},"end":{"line":77,"column":2}},"40":{"start":{"line":74,"column":2},"end":{"line":74,"column":21}},"41":{"start":{"line":76,"column":2},"end":{"line":76,"column":23}},"42":{"start":{"line":80,"column":0},"end":{"line":90,"column":2}},"43":{"start":{"line":81,"column":1},"end":{"line":81,"column":96}},"44":{"start":{"line":82,"column":1},"end":{"line":89,"column":4}},"45":{"start":{"line":86,"column":2},"end":{"line":86,"column":25}},"46":{"start":{"line":88,"column":2},"end":{"line":88,"column":22}},"47":{"start":{"line":92,"column":0},"end":{"line":97,"column":2}}},"branchMap":{"1":{"line":16,"type":"cond-expr","locations":[{"start":{"line":16,"column":70},"end":{"line":16,"column":73}},{"start":{"line":16,"column":76},"end":{"line":16,"column":92}}]},"2":{"line":16,"type":"binary-expr","locations":[{"start":{"line":16,"column":46},"end":{"line":16,"column":49}},{"start":{"line":16,"column":53},"end":{"line":16,"column":67}}]},"3":{"line":20,"type":"if","locations":[{"start":{"line":20,"column":1},"end":{"line":20,"column":1}},{"start":{"line":20,"column":1},"end":{"line":20,"column":1}}]},"4":{"line":23,"type":"if","locations":[{"start":{"line":23,"column":1},"end":{"line":23,"column":1}},{"start":{"line":23,"column":1},"end":{"line":23,"column":1}}]},"5":{"line":23,"type":"binary-expr","locations":[{"start":{"line":23,"column":5},"end":{"line":23,"column":48}},{"start":{"line":23,"column":52},"end":{"line":23,"column":95}}]},"6":{"line":27,"type":"if","locations":[{"start":{"line":27,"column":8},"end":{"line":27,"column":8}},{"start":{"line":27,"column":8},"end":{"line":27,"column":8}}]},"7":{"line":29,"type":"if","locations":[{"start":{"line":29,"column":8},"end":{"line":29,"column":8}},{"start":{"line":29,"column":8},"end":{"line":29,"column":8}}]},"8":{"line":31,"type":"if","locations":[{"start":{"line":31,"column":8},"end":{"line":31,"column":8}},{"start":{"line":31,"column":8},"end":{"line":31,"column":8}}]},"9":{"line":41,"type":"switch","locations":[{"start":{"line":42,"column":2},"end":{"line":45,"column":4}},{"start":{"line":46,"column":2},"end":{"line":51,"column":4}},{"start":{"line":52,"column":2},"end":{"line":57,"column":4}},{"start":{"line":58,"column":2},"end":{"line":63,"column":4}},{"start":{"line":64,"column":2},"end":{"line":65,"column":15}}]},"10":{"line":50,"type":"cond-expr","locations":[{"start":{"line":50,"column":41},"end":{"line":50,"column":52}},{"start":{"line":50,"column":55},"end":{"line":50,"column":89}}]},"11":{"line":56,"type":"cond-expr","locations":[{"start":{"line":56,"column":38},"end":{"line":56,"column":46}},{"start":{"line":56,"column":49},"end":{"line":56,"column":80}}]},"12":{"line":62,"type":"cond-expr","locations":[{"start":{"line":62,"column":40},"end":{"line":62,"column":53}},{"start":{"line":62,"column":56},"end":{"line":62,"column":89}}]},"13":{"line":71,"type":"if","locations":[{"start":{"line":71,"column":1},"end":{"line":71,"column":1}},{"start":{"line":71,"column":1},"end":{"line":71,"column":1}}]},"14":{"line":71,"type":"binary-expr","locations":[{"start":{"line":71,"column":5},"end":{"line":71,"column":21}},{"start":{"line":71,"column":25},"end":{"line":71,"column":46}},{"start":{"line":71,"column":50},"end":{"line":71,"column":74}},{"start":{"line":71,"column":78},"end":{"line":71,"column":101}}]},"15":{"line":73,"type":"if","locations":[{"start":{"line":73,"column":8},"end":{"line":73,"column":8}},{"start":{"line":73,"column":8},"end":{"line":73,"column":8}}]},"16":{"line":73,"type":"binary-expr","locations":[{"start":{"line":73,"column":12},"end":{"line":73,"column":34}},{"start":{"line":73,"column":38},"end":{"line":73,"column":59}}]}}}}