TN:
SF:/media/suchan/New Volume/Personal/psr_generator_api/psr_creator_api/dist/report/report.service.js
FN:6,getAssigneeString
FN:10,(anonymous_2)
FN:20,getStatus
FNF:3
FNH:2
FNDA:3,getAssigneeString
FNDA:6,(anonymous_2)
FNDA:0,getStatus
DA:3,1
DA:6,1
DA:8,3
DA:9,3
DA:10,3
DA:11,6
DA:12,3
DA:14,3
DA:17,3
DA:20,1
DA:21,0
DA:22,0
DA:23,0
DA:24,0
DA:25,0
DA:26,0
DA:28,0
DA:31,1
LF:18
LH:11
BRDA:11,1,0,3
BRDA:11,1,1,3
BRDA:21,2,0,0
BRDA:21,2,1,0
BRDA:23,3,0,0
BRDA:23,3,1,0
BRDA:25,4,0,0
BRDA:25,4,1,0
BRF:8
BRH:2
end_of_record
TN:
SF:/media/suchan/New Volume/Personal/psr_generator_api/psr_creator_api/dist/status/dailyReport.service.js
FN:16,_interopRequireDefault
FN:18,getTimeInMins
FN:40,getCleanSplittedData
FN:69,getProjectStatus
FN:80,getGitRepos
FN:85,(anonymous_6)
FN:87,(anonymous_7)
FNF:7
FNH:4
FNDA:2,_interopRequireDefault
FNDA:11,getTimeInMins
FNDA:6,getCleanSplittedData
FNDA:6,getProjectStatus
FNDA:0,getGitRepos
FNDA:0,(anonymous_6)
FNDA:0,(anonymous_7)
DA:3,1
DA:6,1
DA:8,1
DA:10,1
DA:12,1
DA:14,1
DA:16,2
DA:18,1
DA:19,11
DA:20,11
DA:21,0
DA:23,11
DA:24,3
DA:25,3
DA:26,3
DA:27,8
DA:28,4
DA:29,4
DA:30,4
DA:31,0
DA:32,0
DA:34,0
DA:37,11
DA:40,1
DA:41,6
DA:44,1
DA:48,1
DA:50,1
DA:54,2
DA:56,2
DA:60,2
DA:62,2
DA:65,0
DA:69,1
DA:70,6
DA:71,6
DA:72,3
DA:73,3
DA:74,2
DA:76,1
DA:80,1
DA:81,0
DA:82,0
DA:86,0
DA:88,0
DA:92,1
LF:46
LH:37
BRDA:16,1,0,0
BRDA:16,1,1,2
BRDA:16,2,0,2
BRDA:16,2,1,2
BRDA:20,3,0,0
BRDA:20,3,1,11
BRDA:23,4,0,3
BRDA:23,4,1,8
BRDA:23,5,0,11
BRDA:23,5,1,7
BRDA:27,6,0,4
BRDA:27,6,1,4
BRDA:29,7,0,4
BRDA:29,7,1,0
BRDA:31,8,0,0
BRDA:31,8,1,0
BRDA:41,9,0,1
BRDA:41,9,1,1
BRDA:41,9,2,2
BRDA:41,9,3,2
BRDA:41,9,4,0
BRDA:50,10,0,0
BRDA:50,10,1,1
BRDA:56,11,0,1
BRDA:56,11,1,1
BRDA:62,12,0,1
BRDA:62,12,1,1
BRDA:71,13,0,3
BRDA:71,13,1,3
BRDA:71,14,0,6
BRDA:71,14,1,5
BRDA:71,14,2,5
BRDA:71,14,3,4
BRDA:73,15,0,2
BRDA:73,15,1,1
BRDA:73,16,0,3
BRDA:73,16,1,2
BRF:37
BRH:30
end_of_record
